Analysis & Synthesis report for ProjectEnDMe
Fri May 25 20:55:15 2018
Quartus Prime Version 17.1.0 Build 590 10/25/2017 SJ Lite Edition


---------------------
; Table of Contents ;
---------------------
  1. Legal Notice
  2. Analysis & Synthesis Summary
  3. Analysis & Synthesis Settings
  4. Parallel Compilation
  5. Analysis & Synthesis Source Files Read
  6. Analysis & Synthesis Resource Usage Summary
  7. Analysis & Synthesis Resource Utilization by Entity
  8. General Register Statistics
  9. Parameter Settings for User Entity Instance: instr_fetch:IF|mux_2:mux_br
 10. Parameter Settings for User Entity Instance: accumulator:ACC|mux_4:mux_din
 11. Port Connectivity Checks: "reg_file:RF"
 12. Port Connectivity Checks: "accumulator:ACC|mux_4:mux_din"
 13. Port Connectivity Checks: "instr_rom:IROM"
 14. Port Connectivity Checks: "instr_fetch:IF"
 15. Post-Synthesis Netlist Statistics for Top Partition
 16. Elapsed Time Per Partition
 17. Analysis & Synthesis Messages
 18. Analysis & Synthesis Suppressed Messages



----------------
; Legal Notice ;
----------------
Copyright (C) 2017  Intel Corporation. All rights reserved.
Your use of Intel Corporation's design tools, logic functions 
and other software and tools, and its AMPP partner logic 
functions, and any output files from any of the foregoing 
(including device programming or simulation files), and any 
associated documentation or information are expressly subject 
to the terms and conditions of the Intel Program License 
Subscription Agreement, the Intel Quartus Prime License Agreement,
the Intel FPGA IP License Agreement, or other applicable license
agreement, including, without limitation, that your use is for
the sole purpose of programming logic devices manufactured by
Intel and sold by Intel or its authorized distributors.  Please
refer to the applicable agreement for further details.



+-------------------------------------------------------------------------------+
; Analysis & Synthesis Summary                                                  ;
+---------------------------------+---------------------------------------------+
; Analysis & Synthesis Status     ; Successful - Fri May 25 20:55:15 2018       ;
; Quartus Prime Version           ; 17.1.0 Build 590 10/25/2017 SJ Lite Edition ;
; Revision Name                   ; ProjectEnDMe                                ;
; Top-level Entity Name           ; top_level                                   ;
; Family                          ; Cyclone V                                   ;
; Logic utilization (in ALMs)     ; N/A                                         ;
; Total registers                 ; 0                                           ;
; Total pins                      ; 2                                           ;
; Total virtual pins              ; 0                                           ;
; Total block memory bits         ; 0                                           ;
; Total DSP Blocks                ; 0                                           ;
; Total HSSI RX PCSs              ; 0                                           ;
; Total HSSI PMA RX Deserializers ; 0                                           ;
; Total HSSI TX PCSs              ; 0                                           ;
; Total HSSI PMA TX Serializers   ; 0                                           ;
; Total PLLs                      ; 0                                           ;
; Total DLLs                      ; 0                                           ;
+---------------------------------+---------------------------------------------+


+---------------------------------------------------------------------------------------------------------------------------+
; Analysis & Synthesis Settings                                                                                             ;
+---------------------------------------------------------------------------------+--------------------+--------------------+
; Option                                                                          ; Setting            ; Default Value      ;
+---------------------------------------------------------------------------------+--------------------+--------------------+
; Device                                                                          ; 5CGXFC7C7F23C8     ;                    ;
; Top-level entity name                                                           ; top_level          ; ProjectEnDMe       ;
; Family name                                                                     ; Cyclone V          ; Cyclone V          ;
; Use smart compilation                                                           ; Off                ; Off                ;
; Enable parallel Assembler and TimeQuest Timing Analyzer during compilation      ; On                 ; On                 ;
; Enable compact report table                                                     ; Off                ; Off                ;
; Restructure Multiplexers                                                        ; Auto               ; Auto               ;
; MLAB Add Timing Constraints For Mixed-Port Feed-Through Mode Setting Don't Care ; Off                ; Off                ;
; Create Debugging Nodes for IP Cores                                             ; Off                ; Off                ;
; Preserve fewer node names                                                       ; On                 ; On                 ;
; Intel FPGA IP Evaluation Mode                                                   ; Enable             ; Enable             ;
; Verilog Version                                                                 ; Verilog_2001       ; Verilog_2001       ;
; VHDL Version                                                                    ; VHDL_1993          ; VHDL_1993          ;
; State Machine Processing                                                        ; Auto               ; Auto               ;
; Safe State Machine                                                              ; Off                ; Off                ;
; Extract Verilog State Machines                                                  ; On                 ; On                 ;
; Extract VHDL State Machines                                                     ; On                 ; On                 ;
; Ignore Verilog initial constructs                                               ; Off                ; Off                ;
; Iteration limit for constant Verilog loops                                      ; 5000               ; 5000               ;
; Iteration limit for non-constant Verilog loops                                  ; 250                ; 250                ;
; Add Pass-Through Logic to Inferred RAMs                                         ; On                 ; On                 ;
; Infer RAMs from Raw Logic                                                       ; On                 ; On                 ;
; Parallel Synthesis                                                              ; On                 ; On                 ;
; DSP Block Balancing                                                             ; Auto               ; Auto               ;
; NOT Gate Push-Back                                                              ; On                 ; On                 ;
; Power-Up Don't Care                                                             ; On                 ; On                 ;
; Remove Redundant Logic Cells                                                    ; Off                ; Off                ;
; Remove Duplicate Registers                                                      ; On                 ; On                 ;
; Ignore CARRY Buffers                                                            ; Off                ; Off                ;
; Ignore CASCADE Buffers                                                          ; Off                ; Off                ;
; Ignore GLOBAL Buffers                                                           ; Off                ; Off                ;
; Ignore ROW GLOBAL Buffers                                                       ; Off                ; Off                ;
; Ignore LCELL Buffers                                                            ; Off                ; Off                ;
; Ignore SOFT Buffers                                                             ; On                 ; On                 ;
; Limit AHDL Integers to 32 Bits                                                  ; Off                ; Off                ;
; Optimization Technique                                                          ; Balanced           ; Balanced           ;
; Carry Chain Length                                                              ; 70                 ; 70                 ;
; Auto Carry Chains                                                               ; On                 ; On                 ;
; Auto Open-Drain Pins                                                            ; On                 ; On                 ;
; Perform WYSIWYG Primitive Resynthesis                                           ; Off                ; Off                ;
; Auto ROM Replacement                                                            ; On                 ; On                 ;
; Auto RAM Replacement                                                            ; On                 ; On                 ;
; Auto DSP Block Replacement                                                      ; On                 ; On                 ;
; Auto Shift Register Replacement                                                 ; Auto               ; Auto               ;
; Allow Shift Register Merging across Hierarchies                                 ; Auto               ; Auto               ;
; Auto Clock Enable Replacement                                                   ; On                 ; On                 ;
; Strict RAM Replacement                                                          ; Off                ; Off                ;
; Allow Synchronous Control Signals                                               ; On                 ; On                 ;
; Force Use of Synchronous Clear Signals                                          ; Off                ; Off                ;
; Auto Resource Sharing                                                           ; Off                ; Off                ;
; Allow Any RAM Size For Recognition                                              ; Off                ; Off                ;
; Allow Any ROM Size For Recognition                                              ; Off                ; Off                ;
; Allow Any Shift Register Size For Recognition                                   ; Off                ; Off                ;
; Use LogicLock Constraints during Resource Balancing                             ; On                 ; On                 ;
; Ignore translate_off and synthesis_off directives                               ; Off                ; Off                ;
; Timing-Driven Synthesis                                                         ; On                 ; On                 ;
; Report Parameter Settings                                                       ; On                 ; On                 ;
; Report Source Assignments                                                       ; On                 ; On                 ;
; Report Connectivity Checks                                                      ; On                 ; On                 ;
; Ignore Maximum Fan-Out Assignments                                              ; Off                ; Off                ;
; Synchronization Register Chain Length                                           ; 3                  ; 3                  ;
; Power Optimization During Synthesis                                             ; Normal compilation ; Normal compilation ;
; HDL message level                                                               ; Level2             ; Level2             ;
; Suppress Register Optimization Related Messages                                 ; Off                ; Off                ;
; Number of Removed Registers Reported in Synthesis Report                        ; 5000               ; 5000               ;
; Number of Swept Nodes Reported in Synthesis Report                              ; 5000               ; 5000               ;
; Number of Inverted Registers Reported in Synthesis Report                       ; 100                ; 100                ;
; Clock MUX Protection                                                            ; On                 ; On                 ;
; Auto Gated Clock Conversion                                                     ; Off                ; Off                ;
; Block Design Naming                                                             ; Auto               ; Auto               ;
; SDC constraint protection                                                       ; Off                ; Off                ;
; Synthesis Effort                                                                ; Auto               ; Auto               ;
; Shift Register Replacement - Allow Asynchronous Clear Signal                    ; On                 ; On                 ;
; Pre-Mapping Resynthesis Optimization                                            ; Off                ; Off                ;
; Analysis & Synthesis Message Level                                              ; Medium             ; Medium             ;
; Disable Register Merging Across Hierarchies                                     ; Auto               ; Auto               ;
; Resource Aware Inference For Block RAM                                          ; On                 ; On                 ;
; Automatic Parallel Synthesis                                                    ; On                 ; On                 ;
; Partial Reconfiguration Bitstream ID                                            ; Off                ; Off                ;
+---------------------------------------------------------------------------------+--------------------+--------------------+


+------------------------------------------+
; Parallel Compilation                     ;
+----------------------------+-------------+
; Processors                 ; Number      ;
+----------------------------+-------------+
; Number detected on machine ; 8           ;
; Maximum allowed            ; 4           ;
;                            ;             ;
; Average used               ; 1.00        ;
; Maximum used               ; 1           ;
;                            ;             ;
; Usage by Processor         ; % Time Used ;
;     Processor 1            ; 100.0%      ;
+----------------------------+-------------+


+------------------------------------------------------------------------------------------------------------------------------------------------------------------------------+
; Analysis & Synthesis Source Files Read                                                                                                                                       ;
+----------------------------------+-----------------+------------------------------------+--------------------------------------------------------------------------+---------+
; File Name with User-Entered Path ; Used in Netlist ; File Type                          ; File Name with Absolute Path                                             ; Library ;
+----------------------------------+-----------------+------------------------------------+--------------------------------------------------------------------------+---------+
; definitions.sv                   ; yes             ; User SystemVerilog HDL File        ; C:/Users/anda0/Documents/GitHub/EnDMe-Processor/Project/definitions.sv   ;         ;
; reg_file.sv                      ; yes             ; User SystemVerilog HDL File        ; C:/Users/anda0/Documents/GitHub/EnDMe-Processor/Project/reg_file.sv      ;         ;
; instr_rom.sv                     ; yes             ; User SystemVerilog HDL File        ; C:/Users/anda0/Documents/GitHub/EnDMe-Processor/Project/instr_rom.sv     ;         ;
; pc.sv                            ; yes             ; User SystemVerilog HDL File        ; C:/Users/anda0/Documents/GitHub/EnDMe-Processor/Project/pc.sv            ;         ;
; incrementor.sv                   ; yes             ; User SystemVerilog HDL File        ; C:/Users/anda0/Documents/GitHub/EnDMe-Processor/Project/incrementor.sv   ;         ;
; data_mem.sv                      ; yes             ; User SystemVerilog HDL File        ; C:/Users/anda0/Documents/GitHub/EnDMe-Processor/Project/data_mem.sv      ;         ;
; instr_fetch.sv                   ; yes             ; User SystemVerilog HDL File        ; C:/Users/anda0/Documents/GitHub/EnDMe-Processor/Project/instr_fetch.sv   ;         ;
; top_level.sv                     ; yes             ; User SystemVerilog HDL File        ; C:/Users/anda0/Documents/GitHub/EnDMe-Processor/Project/top_level.sv     ;         ;
; mux_2.sv                         ; yes             ; User SystemVerilog HDL File        ; C:/Users/anda0/Documents/GitHub/EnDMe-Processor/Project/mux_2.sv         ;         ;
; mux_4.sv                         ; yes             ; User SystemVerilog HDL File        ; C:/Users/anda0/Documents/GitHub/EnDMe-Processor/Project/mux_4.sv         ;         ;
; accumulator.sv                   ; yes             ; User SystemVerilog HDL File        ; C:/Users/anda0/Documents/GitHub/EnDMe-Processor/Project/accumulator.sv   ;         ;
; controller.sv                    ; yes             ; User SystemVerilog HDL File        ; C:/Users/anda0/Documents/GitHub/EnDMe-Processor/Project/controller.sv    ;         ;
; machine_code.txt                 ; yes             ; Auto-Found File                    ; C:/Users/anda0/Documents/GitHub/EnDMe-Processor/Project/machine_code.txt ;         ;
; alu.sv                           ; yes             ; Auto-Found SystemVerilog HDL File  ; C:/Users/anda0/Documents/GitHub/EnDMe-Processor/Project/alu.sv           ;         ;
+----------------------------------+-----------------+------------------------------------+--------------------------------------------------------------------------+---------+


+-----------------------------------------------------+
; Analysis & Synthesis Resource Usage Summary         ;
+---------------------------------------------+-------+
; Resource                                    ; Usage ;
+---------------------------------------------+-------+
; Estimate of Logic utilization (ALMs needed) ; 0     ;
;                                             ;       ;
; Combinational ALUT usage for logic          ; 0     ;
;     -- 7 input functions                    ; 0     ;
;     -- 6 input functions                    ; 0     ;
;     -- 5 input functions                    ; 0     ;
;     -- 4 input functions                    ; 0     ;
;     -- <=3 input functions                  ; 0     ;
;                                             ;       ;
; Dedicated logic registers                   ; 0     ;
;                                             ;       ;
; I/O pins                                    ; 2     ;
;                                             ;       ;
; Total DSP Blocks                            ; 0     ;
;                                             ;       ;
; Maximum fan-out node                        ; CLK   ;
; Maximum fan-out                             ; 1     ;
; Total fan-out                               ; 2     ;
; Average fan-out                             ; 0.50  ;
+---------------------------------------------+-------+


+----------------------------------------------------------------------------------------------------------------------------------------------------------------------------------------+
; Analysis & Synthesis Resource Utilization by Entity                                                                                                                                    ;
+----------------------------+---------------------+---------------------------+-------------------+------------+------+--------------+---------------------+-------------+--------------+
; Compilation Hierarchy Node ; Combinational ALUTs ; Dedicated Logic Registers ; Block Memory Bits ; DSP Blocks ; Pins ; Virtual Pins ; Full Hierarchy Name ; Entity Name ; Library Name ;
+----------------------------+---------------------+---------------------------+-------------------+------------+------+--------------+---------------------+-------------+--------------+
; |top_level                 ; 0 (0)               ; 0 (0)                     ; 0                 ; 0          ; 2    ; 0            ; |top_level          ; top_level   ; work         ;
+----------------------------+---------------------+---------------------------+-------------------+------------+------+--------------+---------------------+-------------+--------------+
Note: For table entries with two numbers listed, the numbers in parentheses indicate the number of resources of the given type used by the specific entity alone. The numbers listed outside of parentheses indicate the total resources of the given type used by the specific entity and all of its sub-entities in the hierarchy.


+------------------------------------------------------+
; General Register Statistics                          ;
+----------------------------------------------+-------+
; Statistic                                    ; Value ;
+----------------------------------------------+-------+
; Total registers                              ; 0     ;
; Number of registers using Synchronous Clear  ; 0     ;
; Number of registers using Synchronous Load   ; 0     ;
; Number of registers using Asynchronous Clear ; 0     ;
; Number of registers using Asynchronous Load  ; 0     ;
; Number of registers using Clock Enable       ; 0     ;
; Number of registers using Preset             ; 0     ;
+----------------------------------------------+-------+


+--------------------------------------------------------------------------+
; Parameter Settings for User Entity Instance: instr_fetch:IF|mux_2:mux_br ;
+----------------+-------+-------------------------------------------------+
; Parameter Name ; Value ; Type                                            ;
+----------------+-------+-------------------------------------------------+
; data_width     ; 16    ; Signed Integer                                  ;
+----------------+-------+-------------------------------------------------+
Note: In order to hide this table in the UI and the text report file, please set the "Show Parameter Settings in Synthesis Report" option in "Analysis and Synthesis Settings -> More Settings" to "Off".


+----------------------------------------------------------------------------+
; Parameter Settings for User Entity Instance: accumulator:ACC|mux_4:mux_din ;
+----------------+-------+---------------------------------------------------+
; Parameter Name ; Value ; Type                                              ;
+----------------+-------+---------------------------------------------------+
; data_width     ; 16    ; Signed Integer                                    ;
+----------------+-------+---------------------------------------------------+
Note: In order to hide this table in the UI and the text report file, please set the "Show Parameter Settings in Synthesis Report" option in "Analysis and Synthesis Settings -> More Settings" to "Off".


+----------------------------------------------------------------------------------------------------------------------------------------------------------+
; Port Connectivity Checks: "reg_file:RF"                                                                                                                  ;
+---------+--------+----------+----------------------------------------------------------------------------------------------------------------------------+
; Port    ; Type   ; Severity ; Details                                                                                                                    ;
+---------+--------+----------+----------------------------------------------------------------------------------------------------------------------------+
; dst_out ; Output ; Warning  ; Output or bidir port (8 bits) is wider than the port expression (1 bits) it drives; bit(s) "dst_out[7..1]" have no fanouts ;
; dst_out ; Output ; Info     ; Connected to dangling logic. Logic that only feeds a dangling port will be removed.                                        ;
+---------+--------+----------+----------------------------------------------------------------------------------------------------------------------------+


+-------------------------------------------------------------------------------------------------------------------------------------------------------------------------------+
; Port Connectivity Checks: "accumulator:ACC|mux_4:mux_din"                                                                                                                     ;
+---------+--------+----------+-------------------------------------------------------------------------------------------------------------------------------------------------+
; Port    ; Type   ; Severity ; Details                                                                                                                                         ;
+---------+--------+----------+-------------------------------------------------------------------------------------------------------------------------------------------------+
; din_0   ; Input  ; Warning  ; Input port expression (8 bits) is smaller than the input port (16 bits) it drives.  Extra input bit(s) "din_0[15..8]" will be connected to GND. ;
; din_1   ; Input  ; Warning  ; Input port expression (8 bits) is smaller than the input port (16 bits) it drives.  Extra input bit(s) "din_1[15..8]" will be connected to GND. ;
; din_2   ; Input  ; Warning  ; Input port expression (8 bits) is smaller than the input port (16 bits) it drives.  Extra input bit(s) "din_2[15..8]" will be connected to GND. ;
; din_3   ; Input  ; Warning  ; Input port expression (8 bits) is smaller than the input port (16 bits) it drives.  Extra input bit(s) "din_3[15..8]" will be connected to GND. ;
; mux_out ; Output ; Warning  ; Output or bidir port (16 bits) is wider than the port expression (8 bits) it drives; bit(s) "mux_out[15..8]" have no fanouts                    ;
+---------+--------+----------+-------------------------------------------------------------------------------------------------------------------------------------------------+


+--------------------------------------------------------------------------------------------------------------------------------------------------------------+
; Port Connectivity Checks: "instr_rom:IROM"                                                                                                                   ;
+-----------+--------+----------+------------------------------------------------------------------------------------------------------------------------------+
; Port      ; Type   ; Severity ; Details                                                                                                                      ;
+-----------+--------+----------+------------------------------------------------------------------------------------------------------------------------------+
; instr_out ; Output ; Warning  ; Output or bidir port (9 bits) is wider than the port expression (1 bits) it drives; bit(s) "instr_out[8..1]" have no fanouts ;
; instr_out ; Output ; Info     ; Connected to dangling logic. Logic that only feeds a dangling port will be removed.                                          ;
+-----------+--------+----------+------------------------------------------------------------------------------------------------------------------------------+


+------------------------------------------------------------------------------------------------------------------------------------------------------------------------------------------------------------------+
; Port Connectivity Checks: "instr_fetch:IF"                                                                                                                                                                       ;
+------------+-------+----------+----------------------------------------------------------------------------------------------------------------------------------------------------------------------------------+
; Port       ; Type  ; Severity ; Details                                                                                                                                                                          ;
+------------+-------+----------+----------------------------------------------------------------------------------------------------------------------------------------------------------------------------------+
; accdata_in ; Input ; Warning  ; Input port expression (8 bits) is wider than the input port (1 bits) it drives.  The 7 most-significant bit(s) in the expression will be dangling if they have no other fanouts. ;
+------------+-------+----------+----------------------------------------------------------------------------------------------------------------------------------------------------------------------------------+


+-----------------------------------------------------+
; Post-Synthesis Netlist Statistics for Top Partition ;
+-------------------+---------------------------------+
; Type              ; Count                           ;
+-------------------+---------------------------------+
; boundary_port     ; 2                               ;
;                   ;                                 ;
; Max LUT depth     ; 0.00                            ;
; Average LUT depth ; 0.00                            ;
+-------------------+---------------------------------+


+-------------------------------+
; Elapsed Time Per Partition    ;
+----------------+--------------+
; Partition Name ; Elapsed Time ;
+----------------+--------------+
; Top            ; 00:00:00     ;
+----------------+--------------+


+-------------------------------+
; Analysis & Synthesis Messages ;
+-------------------------------+
Info: *******************************************************************
Info: Running Quartus Prime Analysis & Synthesis
    Info: Version 17.1.0 Build 590 10/25/2017 SJ Lite Edition
    Info: Processing started: Fri May 25 20:55:02 2018
Info: Command: quartus_map --read_settings_files=on --write_settings_files=off ProjectEnDMe -c ProjectEnDMe
Warning (18236): Number of processors has not been specified which may cause overloading on shared machines.  Set the global assignment NUM_PARALLEL_PROCESSORS in your QSF to an appropriate value for best performance.
Info (20030): Parallel compilation is enabled and will use 4 of the 4 processors detected
Info (12021): Found 1 design units, including 0 entities, in source file definitions.sv
    Info (12022): Found design unit 1: definitions (SystemVerilog) File: C:/Users/anda0/Documents/GitHub/EnDMe-Processor/Project/definitions.sv Line: 13
Info (12021): Found 1 design units, including 1 entities, in source file reg_file.sv
    Info (12023): Found entity 1: reg_file File: C:/Users/anda0/Documents/GitHub/EnDMe-Processor/Project/reg_file.sv Line: 21
Info (12021): Found 1 design units, including 1 entities, in source file instr_rom.sv
    Info (12023): Found entity 1: instr_rom File: C:/Users/anda0/Documents/GitHub/EnDMe-Processor/Project/instr_rom.sv Line: 16
Info (12021): Found 1 design units, including 1 entities, in source file pc.sv
    Info (12023): Found entity 1: pc File: C:/Users/anda0/Documents/GitHub/EnDMe-Processor/Project/pc.sv Line: 17
Info (12021): Found 1 design units, including 1 entities, in source file incrementor.sv
    Info (12023): Found entity 1: incrementor File: C:/Users/anda0/Documents/GitHub/EnDMe-Processor/Project/incrementor.sv Line: 15
Info (12021): Found 1 design units, including 1 entities, in source file data_mem.sv
    Info (12023): Found entity 1: data_mem File: C:/Users/anda0/Documents/GitHub/EnDMe-Processor/Project/data_mem.sv Line: 19
Info (12021): Found 1 design units, including 1 entities, in source file instr_fetch.sv
    Info (12023): Found entity 1: instr_fetch File: C:/Users/anda0/Documents/GitHub/EnDMe-Processor/Project/instr_fetch.sv Line: 20
Warning (10275): Verilog HDL Module Instantiation warning at top_level.sv(100): ignored dangling comma in List of Port Connections File: C:/Users/anda0/Documents/GitHub/EnDMe-Processor/Project/top_level.sv Line: 100
Info (12021): Found 1 design units, including 1 entities, in source file top_level.sv
    Info (12023): Found entity 1: top_level File: C:/Users/anda0/Documents/GitHub/EnDMe-Processor/Project/top_level.sv Line: 19
Info (12021): Found 1 design units, including 1 entities, in source file mux_2.sv
    Info (12023): Found entity 1: mux_2 File: C:/Users/anda0/Documents/GitHub/EnDMe-Processor/Project/mux_2.sv Line: 17
Info (12021): Found 1 design units, including 1 entities, in source file mux_4.sv
    Info (12023): Found entity 1: mux_4 File: C:/Users/anda0/Documents/GitHub/EnDMe-Processor/Project/mux_4.sv Line: 19
Info (12021): Found 1 design units, including 1 entities, in source file accumulator.sv
    Info (12023): Found entity 1: accumulator File: C:/Users/anda0/Documents/GitHub/EnDMe-Processor/Project/accumulator.sv Line: 19
Info (12021): Found 1 design units, including 1 entities, in source file controller.sv
    Info (12023): Found entity 1: controller File: C:/Users/anda0/Documents/GitHub/EnDMe-Processor/Project/controller.sv Line: 21
Warning (10236): Verilog HDL Implicit Net warning at top_level.sv(45): created implicit net for "CKL" File: C:/Users/anda0/Documents/GitHub/EnDMe-Processor/Project/top_level.sv Line: 45
Warning (10236): Verilog HDL Implicit Net warning at top_level.sv(57): created implicit net for "instuction" File: C:/Users/anda0/Documents/GitHub/EnDMe-Processor/Project/top_level.sv Line: 57
Warning (10236): Verilog HDL Implicit Net warning at top_level.sv(91): created implicit net for "dst_wire" File: C:/Users/anda0/Documents/GitHub/EnDMe-Processor/Project/top_level.sv Line: 91
Info (12127): Elaborating entity "top_level" for the top level hierarchy
Info (12128): Elaborating entity "instr_fetch" for hierarchy "instr_fetch:IF" File: C:/Users/anda0/Documents/GitHub/EnDMe-Processor/Project/top_level.sv Line: 52
Info (12128): Elaborating entity "pc" for hierarchy "instr_fetch:IF|pc:PC" File: C:/Users/anda0/Documents/GitHub/EnDMe-Processor/Project/instr_fetch.sv Line: 44
Info (12128): Elaborating entity "incrementor" for hierarchy "instr_fetch:IF|incrementor:INC" File: C:/Users/anda0/Documents/GitHub/EnDMe-Processor/Project/instr_fetch.sv Line: 50
Warning (10230): Verilog HDL assignment warning at incrementor.sv(21): truncated value with size 32 to match size of target (16) File: C:/Users/anda0/Documents/GitHub/EnDMe-Processor/Project/incrementor.sv Line: 21
Info (12128): Elaborating entity "mux_2" for hierarchy "instr_fetch:IF|mux_2:mux_br" File: C:/Users/anda0/Documents/GitHub/EnDMe-Processor/Project/instr_fetch.sv Line: 59
Info (12128): Elaborating entity "instr_rom" for hierarchy "instr_rom:IROM" File: C:/Users/anda0/Documents/GitHub/EnDMe-Processor/Project/top_level.sv Line: 58
Warning (10850): Verilog HDL warning at instr_rom.sv(26): number of words (7) in memory file does not match the number of elements in the address range [0:65535] File: C:/Users/anda0/Documents/GitHub/EnDMe-Processor/Project/instr_rom.sv Line: 26
Warning (10030): Net "rom.data_a" at instr_rom.sv(22) has no driver or initial value, using a default initial value '0' File: C:/Users/anda0/Documents/GitHub/EnDMe-Processor/Project/instr_rom.sv Line: 22
Warning (10030): Net "rom.waddr_a" at instr_rom.sv(22) has no driver or initial value, using a default initial value '0' File: C:/Users/anda0/Documents/GitHub/EnDMe-Processor/Project/instr_rom.sv Line: 22
Warning (10030): Net "rom.we_a" at instr_rom.sv(22) has no driver or initial value, using a default initial value '0' File: C:/Users/anda0/Documents/GitHub/EnDMe-Processor/Project/instr_rom.sv Line: 22
Info (12128): Elaborating entity "accumulator" for hierarchy "accumulator:ACC" File: C:/Users/anda0/Documents/GitHub/EnDMe-Processor/Project/top_level.sv Line: 70
Info (12128): Elaborating entity "mux_4" for hierarchy "accumulator:ACC|mux_4:mux_din" File: C:/Users/anda0/Documents/GitHub/EnDMe-Processor/Project/accumulator.sv Line: 41
Info (12128): Elaborating entity "controller" for hierarchy "controller:CTRL" File: C:/Users/anda0/Documents/GitHub/EnDMe-Processor/Project/top_level.sv Line: 82
Info (12128): Elaborating entity "reg_file" for hierarchy "reg_file:RF" File: C:/Users/anda0/Documents/GitHub/EnDMe-Processor/Project/top_level.sv Line: 92
Warning (12125): Using design file alu.sv, which is not specified as a design file for the current project, but contains definitions for 1 design units and 1 entities in project
    Info (12023): Found entity 1: alu File: C:/Users/anda0/Documents/GitHub/EnDMe-Processor/Project/alu.sv Line: 20
Info (12128): Elaborating entity "alu" for hierarchy "alu:ALU" File: C:/Users/anda0/Documents/GitHub/EnDMe-Processor/Project/top_level.sv Line: 100
Info (12128): Elaborating entity "data_mem" for hierarchy "data_mem:DMEM" File: C:/Users/anda0/Documents/GitHub/EnDMe-Processor/Project/top_level.sv Line: 109
Warning (12011): Net is missing source, defaulting to GND
    Warning (12110): Net "instruction[7]" is missing source, defaulting to GND File: C:/Users/anda0/Documents/GitHub/EnDMe-Processor/Project/top_level.sv Line: 27
    Warning (12110): Net "instruction[6]" is missing source, defaulting to GND File: C:/Users/anda0/Documents/GitHub/EnDMe-Processor/Project/top_level.sv Line: 27
    Warning (12110): Net "instruction[5]" is missing source, defaulting to GND File: C:/Users/anda0/Documents/GitHub/EnDMe-Processor/Project/top_level.sv Line: 27
    Warning (12110): Net "instruction[4]" is missing source, defaulting to GND File: C:/Users/anda0/Documents/GitHub/EnDMe-Processor/Project/top_level.sv Line: 27
    Warning (12110): Net "instruction[3]" is missing source, defaulting to GND File: C:/Users/anda0/Documents/GitHub/EnDMe-Processor/Project/top_level.sv Line: 27
    Warning (12110): Net "instruction[2]" is missing source, defaulting to GND File: C:/Users/anda0/Documents/GitHub/EnDMe-Processor/Project/top_level.sv Line: 27
    Warning (12110): Net "instruction[1]" is missing source, defaulting to GND File: C:/Users/anda0/Documents/GitHub/EnDMe-Processor/Project/top_level.sv Line: 27
    Warning (12110): Net "instruction[0]" is missing source, defaulting to GND File: C:/Users/anda0/Documents/GitHub/EnDMe-Processor/Project/top_level.sv Line: 27
Warning (12011): Net is missing source, defaulting to GND
    Warning (12110): Net "instruction[7]" is missing source, defaulting to GND File: C:/Users/anda0/Documents/GitHub/EnDMe-Processor/Project/top_level.sv Line: 27
    Warning (12110): Net "instruction[6]" is missing source, defaulting to GND File: C:/Users/anda0/Documents/GitHub/EnDMe-Processor/Project/top_level.sv Line: 27
    Warning (12110): Net "instruction[5]" is missing source, defaulting to GND File: C:/Users/anda0/Documents/GitHub/EnDMe-Processor/Project/top_level.sv Line: 27
    Warning (12110): Net "instruction[4]" is missing source, defaulting to GND File: C:/Users/anda0/Documents/GitHub/EnDMe-Processor/Project/top_level.sv Line: 27
    Warning (12110): Net "instruction[3]" is missing source, defaulting to GND File: C:/Users/anda0/Documents/GitHub/EnDMe-Processor/Project/top_level.sv Line: 27
    Warning (12110): Net "instruction[2]" is missing source, defaulting to GND File: C:/Users/anda0/Documents/GitHub/EnDMe-Processor/Project/top_level.sv Line: 27
    Warning (12110): Net "instruction[1]" is missing source, defaulting to GND File: C:/Users/anda0/Documents/GitHub/EnDMe-Processor/Project/top_level.sv Line: 27
    Warning (12110): Net "instruction[0]" is missing source, defaulting to GND File: C:/Users/anda0/Documents/GitHub/EnDMe-Processor/Project/top_level.sv Line: 27
Warning (12011): Net is missing source, defaulting to GND
    Warning (12110): Net "instruction[7]" is missing source, defaulting to GND File: C:/Users/anda0/Documents/GitHub/EnDMe-Processor/Project/top_level.sv Line: 27
    Warning (12110): Net "instruction[6]" is missing source, defaulting to GND File: C:/Users/anda0/Documents/GitHub/EnDMe-Processor/Project/top_level.sv Line: 27
    Warning (12110): Net "instruction[5]" is missing source, defaulting to GND File: C:/Users/anda0/Documents/GitHub/EnDMe-Processor/Project/top_level.sv Line: 27
    Warning (12110): Net "instruction[4]" is missing source, defaulting to GND File: C:/Users/anda0/Documents/GitHub/EnDMe-Processor/Project/top_level.sv Line: 27
    Warning (12110): Net "instruction[3]" is missing source, defaulting to GND File: C:/Users/anda0/Documents/GitHub/EnDMe-Processor/Project/top_level.sv Line: 27
    Warning (12110): Net "instruction[2]" is missing source, defaulting to GND File: C:/Users/anda0/Documents/GitHub/EnDMe-Processor/Project/top_level.sv Line: 27
    Warning (12110): Net "instruction[1]" is missing source, defaulting to GND File: C:/Users/anda0/Documents/GitHub/EnDMe-Processor/Project/top_level.sv Line: 27
    Warning (12110): Net "instruction[0]" is missing source, defaulting to GND File: C:/Users/anda0/Documents/GitHub/EnDMe-Processor/Project/top_level.sv Line: 27
Warning (12241): 4 hierarchies have connectivity warnings - see the Connectivity Checks report folder
Info (144001): Generated suppressed messages file C:/Users/anda0/Documents/GitHub/EnDMe-Processor/Project/output_files/ProjectEnDMe.map.smsg
Info (16010): Generating hard_block partition "hard_block:auto_generated_inst"
    Info (16011): Adding 0 node(s), including 0 DDIO, 0 PLL, 0 transceiver and 0 LCELL
Warning (21074): Design contains 2 input pin(s) that do not drive logic
    Warning (15610): No output dependent on input pin "CLK" File: C:/Users/anda0/Documents/GitHub/EnDMe-Processor/Project/top_level.sv Line: 20
    Warning (15610): No output dependent on input pin "RESET" File: C:/Users/anda0/Documents/GitHub/EnDMe-Processor/Project/top_level.sv Line: 22
Info (21057): Implemented 2 device resources after synthesis - the final resource count might be different
    Info (21058): Implemented 2 input pins
    Info (21059): Implemented 0 output pins
Info: Quartus Prime Analysis & Synthesis was successful. 0 errors, 42 warnings
    Info: Peak virtual memory: 4820 megabytes
    Info: Processing ended: Fri May 25 20:55:15 2018
    Info: Elapsed time: 00:00:13
    Info: Total CPU time (on all processors): 00:00:28


+------------------------------------------+
; Analysis & Synthesis Suppressed Messages ;
+------------------------------------------+
The suppressed messages can be found in C:/Users/anda0/Documents/GitHub/EnDMe-Processor/Project/output_files/ProjectEnDMe.map.smsg.


