save #43
store $dst
jmp 
put $r1
and $r0
store $r2
save #1
store $r4
put $r0
sfl $r4
store $r0
save #4
store $r4
put $r2
sfr $r4
xor $r2
store $r2
save #2
store $r4
put $r2
sfr $r4
xor $r2
store $r2
save #1
store $r4
put $r2
sfr $r4
xor $r2
store $r2
save #1
store $r4
put $r2
and $r4
store $r2
put $r0
add $r2
store $r0
save #255
and $r0
store $r0
put $r13
store $dst
jmp 
save #41
store $r7
lb $r7
store $r7
save #42
store $r1
lb $r1
store $r1
save #43
store $r0
lb $r0
store $r3
store $r0
save #0
store $r5
store $r11
save #64
store $r6
save #40
add $r7
store $r8
save #1
add $r5
store $r5
save #77
store $dst
put $r5
gtr $r8
btr 
save #83
store $dst
put $r5
gtr $r7
btr 
save #32
xor $r0
sb $r6
save #89
store $dst
jmp 
lb $r11
xor $r0
sb $r6
save #1
add $r11
store $r11
save #94
store $r13
save #3
store $dst
jmp 
save #1
add $r6
store $r6
save #105
store $dst
save #127
gtr $r6
btr 
save #64
store $dst
jmp 
