save #41
store $r7
lb $r7
store $r7
save #42
store $r1
lb $r1
store $r1
save #43
store $r9
lb $r9
store $r3
store $r9
save #0
store $r5
save #64
store $r6
save #40
add $r7
store $r8
save #30
store $dst
put $r5
gtr $r8
btr 
save #36
store $dst
put $r5
gtr $r7
btr 
save #32
xor $r9
sb $r6
save #39
store $dst
jmp 
put $r5
xor $r9
sb $r6
put $r1
and $r9
store $r2
save #1
store $r4
put $r9
sfl $r4
store $r9
save #4
store $r10
put $r2
xor $r2
sfl $r10
store $r2
save #2
store $r10
put $r2
xor $r2
sfl $r10
store $r2
save #1
store $r10
put $r2
xor $r2
sfl $r10
store $r2
save #1
store $r10
put $r2
and $r10
store $r2
put $r9
add $r2
store $r9
save #255
and $r9
store $r9
save #1
add $r5
store $r5
save #1
add $r6
store $r6
save #90
store $dst
save #63
gtr $r5
btr 
save #20
store $dst
jmp 
save #64
store $r9
lb $r9
store $r1
save #32
xor $r1
store $r3
store $r9
save #128
store $r4
lb $r4
store $r1
save #0
lb $r5
save #64
lb $r6
save #1
store $r7
save #119
store $dst
save #32
xor $r9
cmp $r6
btr 
save #0
store $r7
save #167
store $dst
jmp 
put $r1
and $r9
store $r2
save #1
store $r4
put $r9
sfl $r4
store $r9
save #4
store $r4
put $r2
xor $r2
sfl $r4
store $r2
save #2
store $r4
put $r2
xor $r2
sfl $r4
store $r2
save #1
store $r4
put $r2
xor $r2
sfl $r4
store $r2
save #1
store $r4
put $r2
and $r4
store $r2
put $r9
add $r2
store $r9
save #255
and $r9
store $r9
save #1
add $r5
store $r5
save #1
add $r6
store $r6
save #167
store $dst
save #8
cmp $r5
btr 
save #178
store $dst
save #1
cmp $r7
btr 
save #1
add $r4
store $r4
save #108
store $dst
jmp 
put $r4
store $r1
put $r3
store $r9
save #0
store $r5
store $r6
store $r8
save #64
store $r7
save #1
cmp $r8
save #206
store $dst
btr 
lb $r7
xor $r9
store $r11
save #32
cmp $r11
save #215
store $dst
btr 
save #1
store $r8
save #206
store $dst
jmp 
lb $r7
xor $r9
sb $r6
save #1
add $r6
store $r6
save #215
store $dst
jmp 
put $r1
and $r9
store $r2
save #1
store $r4
put $r9
sfl $r4
store $r9
save #4
store $r10
put $r2
xor $r2
sfl $r10
store $r2
save #2
store $r10
put $r2
xor $r2
sfl $r10
store $r2
save #1
store $r10
put $r2
xor $r2
sfl $r10
store $r2
save #1
store $r10
put $r2
and $r10
store $r2
put $r9
add $r2
store $r9
save #255
and $r9
store $r9
save #1
add $r7
store $r7
save #127
cmp $r7
save #263
store $dst
btr 
save #188
store $dst
jmp 
