save #64
store $r0
lb $r0
store $r1
save #32
xor $r1
store $r3
store $r0
save #128
store $r4
lb $r4
store $r1
save #0
lb $r5
save #64
lb $r6
save #1
store $r7
save #31
store $r13
save #94
store $dst
save #32
xor $r0
cmp $r6
btr 
save #0
store $r7
save #42
store $dst
jmp 
save #1
add $r5
store $r5
save #1
add $r6
store $r6
save #42
store $dst
save #8
cmp $r5
btr 
save #53
store $dst
save #1
cmp $r7
btr 
save #1
add $r4
store $r4
save #18
store $dst
jmp 
put $r4
store $r1
put $r3
store $r0
save #0
store $r5
store $r6
store $r8
save #64
store $r7
save #1
cmp $r8
save #83
store $dst
btr 
lb $r7
xor $r0
store $r11
save #31
store $r13
save #94
store $dst
save #32
cmp $r11
btr 
save #1
store $r8
save #83
store $dst
jmp 
lb $r7
xor $r0
sb $r6
save #1
add $r6
store $r6
save #31
store $r13
save #94
store $dst
jmp 
put $r1
and $r0
store $r2
save #1
store $r4
put $r0
sfl $r4
store $r0
save #4
store $r4
put $r2
sfr $r4
xor $r2
store $r2
save #2
store $r4
put $r2
sfr $r4
xor $r2
store $r2
save #1
store $r4
put $r2
sfr $r4
xor $r2
store $r2
save #1
store $r4
put $r2
and $r4
store $r2
put $r0
add $r2
store $r0
save #255
and $r0
store $r0
put $r13
store $dst
jmp 
save #1
add $r7
store $r7
save #127
cmp $r7
save #145
store $dst
btr 
save #63
store $dst
jmp 
==DONE==
